/index.html.GET took 44ms. User: unknown
/css/site.css.GET took 7ms. User: unknown
/favicon.ico.GET took 3ms. User: unknown
/index.html.GET took 6ms. User: unknown
/Task.GET took 19ms. User: unknown
/Task/2.PUT took 27ms. User: unknown
/Task.GET took 0ms. User: unknown
/Task.POST took 24ms. User: unknown
/Task.GET took 0ms. User: unknown
/Task.POST took 6ms. User: unknown
/Task.GET took 0ms. User: unknown
/Task.POST took 5ms. User: unknown
/Task.GET took 0ms. User: unknown
/Task.POST took 5ms. User: unknown
/Task.GET took 0ms. User: unknown
/Task.POST took 5ms. User: unknown
/Task.GET took 0ms. User: unknown
/Task.POST took 5ms. User: unknown
/Task.GET took 0ms. User: unknown
/Task.POST took 4ms. User: unknown
/Task.GET took 0ms. User: unknown
/index.html.GET took 32ms. User: unknown
/js/site.js.GET took 1ms. User: unknown
/Task.GET took 19ms. User: unknown
/Task.POST took 41ms. User: unknown
/Task.GET took 0ms. User: unknown
/Task.POST took 25ms. User: unknown
/Task.GET took 0ms. User: unknown
/Task/1.PUT took 7ms. User: unknown
/Task.GET took 0ms. User: unknown
/Task/4.DELETE took 0ms. User: unknown
/Task.GET took 0ms. User: unknown
